<?xml version="1.0" encoding="UTF-8"?>
<!-- Generated by org.testng.reporters.JUnitReportReporter -->
<testsuite skipped="0" hostname="DESKTOP-A6IQGUP" name="testscript.TwitterTest" tests="1" failures="0" timestamp="07 Sep 2018 06:13:02 GMT" time="8.327" errors="0">
  <testcase name="SearchTwt" time="8.327" classname="testscript.TwitterTest"/>
</testsuite> <!-- testscript.TwitterTest -->
