<?xml version="1.0" encoding="UTF-8"?>
<!-- Generated by org.testng.reporters.JUnitReportReporter -->
<testsuite skipped="0" hostname="DESKTOP-A6IQGUP" name="testscript.InstagramTest" tests="1" failures="0" timestamp="07 Sep 2018 06:13:02 GMT" time="7.314" errors="0">
  <testcase name="SearchInsta" time="7.314" classname="testscript.InstagramTest"/>
</testsuite> <!-- testscript.InstagramTest -->
