<?xml version="1.0" encoding="UTF-8"?>
<!-- Generated by org.testng.reporters.JUnitReportReporter -->
<testsuite skipped="0" hostname="DESKTOP-A6IQGUP" name="testscript.LinkedInTest" tests="1" failures="0" timestamp="07 Sep 2018 06:13:02 GMT" time="11.363" errors="0">
  <testcase name="SearchLinked" time="11.363" classname="testscript.LinkedInTest"/>
</testsuite> <!-- testscript.LinkedInTest -->
