<?xml version="1.0" encoding="UTF-8"?>
<!-- Generated by org.testng.reporters.JUnitReportReporter -->
<testsuite skipped="0" hostname="DESKTOP-A6IQGUP" name="testscript.FacebookTest" tests="1" failures="0" timestamp="07 Sep 2018 06:16:32 GMT" time="7.771" errors="0">
  <testcase name="SearchFb" time="7.771" classname="testscript.FacebookTest"/>
</testsuite> <!-- testscript.FacebookTest -->
